{"C:\\Users\\mathe\\Documents\\Cafofo_dos_peludos\\backend\\conexao.js": {"path":"C:\\Users\\mathe\\Documents\\Cafofo_dos_peludos\\backend\\conexao.js","statementMap":{"0":{"start":{"line":1,"column":14},"end":{"line":1,"column":31}},"1":{"start":{"line":2,"column":0},"end":{"line":2,"column":27}},"2":{"start":{"line":6,"column":16},"end":{"line":12,"column":2}},"3":{"start":{"line":15,"column":0},"end":{"line":25,"column":3}},"4":{"start":{"line":16,"column":2},"end":{"line":19,"column":3}},"5":{"start":{"line":17,"column":4},"end":{"line":17,"column":54}},"6":{"start":{"line":18,"column":4},"end":{"line":18,"column":11}},"7":{"start":{"line":21,"column":2},"end":{"line":21,"column":56}},"8":{"start":{"line":24,"column":2},"end":{"line":24,"column":23}},"9":{"start":{"line":27,"column":0},"end":{"line":27,"column":25}}},"fnMap":{"0":{"name":"(anonymous_0)","decl":{"start":{"line":15,"column":22},"end":{"line":15,"column":23}},"loc":{"start":{"line":15,"column":44},"end":{"line":25,"column":1}},"line":15}},"branchMap":{"0":{"loc":{"start":{"line":16,"column":2},"end":{"line":19,"column":3}},"type":"if","locations":[{"start":{"line":16,"column":2},"end":{"line":19,"column":3}},{"start":{},"end":{}}],"line":16}},"s":{"0":3,"1":3,"2":3,"3":3,"4":3,"5":0,"6":0,"7":3,"8":3,"9":3},"f":{"0":3},"b":{"0":[0,3]},"_coverageSchema":"1a1c01bbd47fc00a2c39e90264f33305004495a9","hash":"67f8647294c01b35caf4a568efba4d437eb61026"}
,"C:\\Users\\mathe\\Documents\\Cafofo_dos_peludos\\backend\\server.js": {"path":"C:\\Users\\mathe\\Documents\\Cafofo_dos_peludos\\backend\\server.js","statementMap":{"0":{"start":{"line":1,"column":16},"end":{"line":1,"column":34}},"1":{"start":{"line":2,"column":13},"end":{"line":2,"column":28}},"2":{"start":{"line":3,"column":0},"end":{"line":3,"column":27}},"3":{"start":{"line":5,"column":16},"end":{"line":5,"column":36}},"4":{"start":{"line":7,"column":22},"end":{"line":7,"column":54}},"5":{"start":{"line":8,"column":27},"end":{"line":8,"column":64}},"6":{"start":{"line":9,"column":22},"end":{"line":9,"column":54}},"7":{"start":{"line":10,"column":24},"end":{"line":10,"column":58}},"8":{"start":{"line":12,"column":12},"end":{"line":12,"column":21}},"9":{"start":{"line":13,"column":13},"end":{"line":13,"column":37}},"10":{"start":{"line":16,"column":0},"end":{"line":16,"column":16}},"11":{"start":{"line":19,"column":0},"end":{"line":19,"column":24}},"12":{"start":{"line":22,"column":0},"end":{"line":24,"column":3}},"13":{"start":{"line":23,"column":2},"end":{"line":23,"column":60}},"14":{"start":{"line":27,"column":0},"end":{"line":42,"column":3}},"15":{"start":{"line":28,"column":2},"end":{"line":41,"column":5}},"16":{"start":{"line":29,"column":4},"end":{"line":35,"column":5}},"17":{"start":{"line":30,"column":6},"end":{"line":30,"column":67}},"18":{"start":{"line":32,"column":6},"end":{"line":34,"column":9}},"19":{"start":{"line":37,"column":4},"end":{"line":40,"column":7}},"20":{"start":{"line":45,"column":0},"end":{"line":45,"column":39}},"21":{"start":{"line":46,"column":0},"end":{"line":46,"column":49}},"22":{"start":{"line":47,"column":0},"end":{"line":47,"column":39}},"23":{"start":{"line":50,"column":0},"end":{"line":50,"column":43}},"24":{"start":{"line":54,"column":0},"end":{"line":58,"column":1}},"25":{"start":{"line":55,"column":2},"end":{"line":57,"column":5}},"26":{"start":{"line":56,"column":4},"end":{"line":56,"column":53}},"27":{"start":{"line":60,"column":0},"end":{"line":60,"column":21}}},"fnMap":{"0":{"name":"(anonymous_0)","decl":{"start":{"line":22,"column":13},"end":{"line":22,"column":14}},"loc":{"start":{"line":22,"column":27},"end":{"line":24,"column":1}},"line":22},"1":{"name":"(anonymous_1)","decl":{"start":{"line":27,"column":24},"end":{"line":27,"column":25}},"loc":{"start":{"line":27,"column":38},"end":{"line":42,"column":1}},"line":27},"2":{"name":"(anonymous_2)","decl":{"start":{"line":28,"column":46},"end":{"line":28,"column":47}},"loc":{"start":{"line":28,"column":67},"end":{"line":41,"column":3}},"line":28},"3":{"name":"(anonymous_3)","decl":{"start":{"line":55,"column":19},"end":{"line":55,"column":20}},"loc":{"start":{"line":55,"column":25},"end":{"line":57,"column":3}},"line":55}},"branchMap":{"0":{"loc":{"start":{"line":13,"column":13},"end":{"line":13,"column":37}},"type":"binary-expr","locations":[{"start":{"line":13,"column":13},"end":{"line":13,"column":29}},{"start":{"line":13,"column":33},"end":{"line":13,"column":37}}],"line":13},"1":{"loc":{"start":{"line":29,"column":4},"end":{"line":35,"column":5}},"type":"if","locations":[{"start":{"line":29,"column":4},"end":{"line":35,"column":5}},{"start":{},"end":{}}],"line":29},"2":{"loc":{"start":{"line":54,"column":0},"end":{"line":58,"column":1}},"type":"if","locations":[{"start":{"line":54,"column":0},"end":{"line":58,"column":1}},{"start":{},"end":{}}],"line":54}},"s":{"0":3,"1":3,"2":3,"3":3,"4":3,"5":3,"6":3,"7":3,"8":3,"9":3,"10":3,"11":3,"12":3,"13":0,"14":3,"15":0,"16":0,"17":0,"18":0,"19":0,"20":3,"21":3,"22":3,"23":3,"24":3,"25":0,"26":0,"27":3},"f":{"0":0,"1":0,"2":0,"3":0},"b":{"0":[3,0],"1":[0,0],"2":[0,3]},"_coverageSchema":"1a1c01bbd47fc00a2c39e90264f33305004495a9","hash":"9783be4a662cbe6ca5922fc914d31ac5134f393d"}
,"C:\\Users\\mathe\\Documents\\Cafofo_dos_peludos\\backend\\rotas\\interessadosRoutes.js": {"path":"C:\\Users\\mathe\\Documents\\Cafofo_dos_peludos\\backend\\rotas\\interessadosRoutes.js","statementMap":{"0":{"start":{"line":1,"column":16},"end":{"line":1,"column":34}},"1":{"start":{"line":2,"column":15},"end":{"line":2,"column":31}},"2":{"start":{"line":4,"column":16},"end":{"line":4,"column":37}},"3":{"start":{"line":7,"column":0},"end":{"line":18,"column":3}},"4":{"start":{"line":8,"column":14},"end":{"line":8,"column":59}},"5":{"start":{"line":10,"column":2},"end":{"line":17,"column":5}},"6":{"start":{"line":11,"column":4},"end":{"line":14,"column":5}},"7":{"start":{"line":12,"column":6},"end":{"line":12,"column":66}},"8":{"start":{"line":13,"column":6},"end":{"line":13,"column":80}},"9":{"start":{"line":16,"column":4},"end":{"line":16,"column":25}},"10":{"start":{"line":21,"column":0},"end":{"line":49,"column":3}},"11":{"start":{"line":22,"column":69},"end":{"line":22,"column":77}},"12":{"start":{"line":24,"column":2},"end":{"line":28,"column":3}},"13":{"start":{"line":25,"column":4},"end":{"line":27,"column":7}},"14":{"start":{"line":30,"column":14},"end":{"line":34,"column":3}},"15":{"start":{"line":36,"column":18},"end":{"line":36,"column":74}},"16":{"start":{"line":38,"column":2},"end":{"line":48,"column":5}},"17":{"start":{"line":39,"column":4},"end":{"line":42,"column":5}},"18":{"start":{"line":40,"column":6},"end":{"line":40,"column":68}},"19":{"start":{"line":41,"column":6},"end":{"line":41,"column":82}},"20":{"start":{"line":44,"column":4},"end":{"line":47,"column":7}},"21":{"start":{"line":52,"column":0},"end":{"line":69,"column":3}},"22":{"start":{"line":53,"column":17},"end":{"line":53,"column":27}},"23":{"start":{"line":55,"column":14},"end":{"line":55,"column":55}},"24":{"start":{"line":57,"column":2},"end":{"line":68,"column":5}},"25":{"start":{"line":58,"column":4},"end":{"line":61,"column":5}},"26":{"start":{"line":59,"column":6},"end":{"line":59,"column":65}},"27":{"start":{"line":60,"column":6},"end":{"line":60,"column":79}},"28":{"start":{"line":63,"column":4},"end":{"line":65,"column":5}},"29":{"start":{"line":64,"column":6},"end":{"line":64,"column":79}},"30":{"start":{"line":67,"column":4},"end":{"line":67,"column":28}},"31":{"start":{"line":72,"column":0},"end":{"line":102,"column":3}},"32":{"start":{"line":73,"column":17},"end":{"line":73,"column":27}},"33":{"start":{"line":74,"column":69},"end":{"line":74,"column":77}},"34":{"start":{"line":76,"column":2},"end":{"line":80,"column":3}},"35":{"start":{"line":77,"column":4},"end":{"line":79,"column":7}},"36":{"start":{"line":82,"column":14},"end":{"line":86,"column":3}},"37":{"start":{"line":88,"column":18},"end":{"line":88,"column":78}},"38":{"start":{"line":90,"column":2},"end":{"line":101,"column":5}},"39":{"start":{"line":91,"column":4},"end":{"line":94,"column":5}},"40":{"start":{"line":92,"column":6},"end":{"line":92,"column":65}},"41":{"start":{"line":93,"column":6},"end":{"line":93,"column":79}},"42":{"start":{"line":96,"column":4},"end":{"line":98,"column":5}},"43":{"start":{"line":97,"column":6},"end":{"line":97,"column":79}},"44":{"start":{"line":100,"column":4},"end":{"line":100,"column":66}},"45":{"start":{"line":105,"column":0},"end":{"line":124,"column":3}},"46":{"start":{"line":106,"column":17},"end":{"line":106,"column":27}},"47":{"start":{"line":108,"column":14},"end":{"line":108,"column":53}},"48":{"start":{"line":110,"column":2},"end":{"line":123,"column":5}},"49":{"start":{"line":111,"column":4},"end":{"line":116,"column":5}},"50":{"start":{"line":112,"column":6},"end":{"line":112,"column":66}},"51":{"start":{"line":113,"column":6},"end":{"line":115,"column":9}},"52":{"start":{"line":118,"column":4},"end":{"line":120,"column":5}},"53":{"start":{"line":119,"column":6},"end":{"line":119,"column":79}},"54":{"start":{"line":122,"column":4},"end":{"line":122,"column":64}},"55":{"start":{"line":126,"column":0},"end":{"line":126,"column":24}}},"fnMap":{"0":{"name":"(anonymous_0)","decl":{"start":{"line":7,"column":16},"end":{"line":7,"column":17}},"loc":{"start":{"line":7,"column":30},"end":{"line":18,"column":1}},"line":7},"1":{"name":"(anonymous_1)","decl":{"start":{"line":10,"column":21},"end":{"line":10,"column":22}},"loc":{"start":{"line":10,"column":43},"end":{"line":17,"column":3}},"line":10},"2":{"name":"(anonymous_2)","decl":{"start":{"line":21,"column":17},"end":{"line":21,"column":18}},"loc":{"start":{"line":21,"column":31},"end":{"line":49,"column":1}},"line":21},"3":{"name":"(anonymous_3)","decl":{"start":{"line":38,"column":30},"end":{"line":38,"column":31}},"loc":{"start":{"line":38,"column":51},"end":{"line":48,"column":3}},"line":38},"4":{"name":"(anonymous_4)","decl":{"start":{"line":52,"column":19},"end":{"line":52,"column":20}},"loc":{"start":{"line":52,"column":33},"end":{"line":69,"column":1}},"line":52},"5":{"name":"(anonymous_5)","decl":{"start":{"line":57,"column":27},"end":{"line":57,"column":28}},"loc":{"start":{"line":57,"column":49},"end":{"line":68,"column":3}},"line":57},"6":{"name":"(anonymous_6)","decl":{"start":{"line":72,"column":19},"end":{"line":72,"column":20}},"loc":{"start":{"line":72,"column":33},"end":{"line":102,"column":1}},"line":72},"7":{"name":"(anonymous_7)","decl":{"start":{"line":90,"column":30},"end":{"line":90,"column":31}},"loc":{"start":{"line":90,"column":51},"end":{"line":101,"column":3}},"line":90},"8":{"name":"(anonymous_8)","decl":{"start":{"line":105,"column":22},"end":{"line":105,"column":23}},"loc":{"start":{"line":105,"column":36},"end":{"line":124,"column":1}},"line":105},"9":{"name":"(anonymous_9)","decl":{"start":{"line":110,"column":27},"end":{"line":110,"column":28}},"loc":{"start":{"line":110,"column":48},"end":{"line":123,"column":3}},"line":110}},"branchMap":{"0":{"loc":{"start":{"line":11,"column":4},"end":{"line":14,"column":5}},"type":"if","locations":[{"start":{"line":11,"column":4},"end":{"line":14,"column":5}},{"start":{},"end":{}}],"line":11},"1":{"loc":{"start":{"line":24,"column":2},"end":{"line":28,"column":3}},"type":"if","locations":[{"start":{"line":24,"column":2},"end":{"line":28,"column":3}},{"start":{},"end":{}}],"line":24},"2":{"loc":{"start":{"line":24,"column":6},"end":{"line":24,"column":45}},"type":"binary-expr","locations":[{"start":{"line":24,"column":6},"end":{"line":24,"column":11}},{"start":{"line":24,"column":15},"end":{"line":24,"column":21}},{"start":{"line":24,"column":25},"end":{"line":24,"column":34}},{"start":{"line":24,"column":38},"end":{"line":24,"column":45}}],"line":24},"3":{"loc":{"start":{"line":39,"column":4},"end":{"line":42,"column":5}},"type":"if","locations":[{"start":{"line":39,"column":4},"end":{"line":42,"column":5}},{"start":{},"end":{}}],"line":39},"4":{"loc":{"start":{"line":58,"column":4},"end":{"line":61,"column":5}},"type":"if","locations":[{"start":{"line":58,"column":4},"end":{"line":61,"column":5}},{"start":{},"end":{}}],"line":58},"5":{"loc":{"start":{"line":63,"column":4},"end":{"line":65,"column":5}},"type":"if","locations":[{"start":{"line":63,"column":4},"end":{"line":65,"column":5}},{"start":{},"end":{}}],"line":63},"6":{"loc":{"start":{"line":76,"column":2},"end":{"line":80,"column":3}},"type":"if","locations":[{"start":{"line":76,"column":2},"end":{"line":80,"column":3}},{"start":{},"end":{}}],"line":76},"7":{"loc":{"start":{"line":76,"column":6},"end":{"line":76,"column":45}},"type":"binary-expr","locations":[{"start":{"line":76,"column":6},"end":{"line":76,"column":11}},{"start":{"line":76,"column":15},"end":{"line":76,"column":21}},{"start":{"line":76,"column":25},"end":{"line":76,"column":34}},{"start":{"line":76,"column":38},"end":{"line":76,"column":45}}],"line":76},"8":{"loc":{"start":{"line":91,"column":4},"end":{"line":94,"column":5}},"type":"if","locations":[{"start":{"line":91,"column":4},"end":{"line":94,"column":5}},{"start":{},"end":{}}],"line":91},"9":{"loc":{"start":{"line":96,"column":4},"end":{"line":98,"column":5}},"type":"if","locations":[{"start":{"line":96,"column":4},"end":{"line":98,"column":5}},{"start":{},"end":{}}],"line":96},"10":{"loc":{"start":{"line":111,"column":4},"end":{"line":116,"column":5}},"type":"if","locations":[{"start":{"line":111,"column":4},"end":{"line":116,"column":5}},{"start":{},"end":{}}],"line":111},"11":{"loc":{"start":{"line":118,"column":4},"end":{"line":120,"column":5}},"type":"if","locations":[{"start":{"line":118,"column":4},"end":{"line":120,"column":5}},{"start":{},"end":{}}],"line":118}},"s":{"0":3,"1":3,"2":3,"3":3,"4":0,"5":0,"6":0,"7":0,"8":0,"9":0,"10":3,"11":2,"12":2,"13":1,"14":1,"15":1,"16":1,"17":1,"18":0,"19":0,"20":1,"21":3,"22":0,"23":0,"24":0,"25":0,"26":0,"27":0,"28":0,"29":0,"30":0,"31":3,"32":0,"33":0,"34":0,"35":0,"36":0,"37":0,"38":0,"39":0,"40":0,"41":0,"42":0,"43":0,"44":0,"45":3,"46":0,"47":0,"48":0,"49":0,"50":0,"51":0,"52":0,"53":0,"54":0,"55":3},"f":{"0":0,"1":0,"2":2,"3":1,"4":0,"5":0,"6":0,"7":0,"8":0,"9":0},"b":{"0":[0,0],"1":[1,1],"2":[2,2,1,1],"3":[0,1],"4":[0,0],"5":[0,0],"6":[0,0],"7":[0,0,0,0],"8":[0,0],"9":[0,0],"10":[0,0],"11":[0,0]},"_coverageSchema":"1a1c01bbd47fc00a2c39e90264f33305004495a9","hash":"23b1c963e848c06709f5f4936680205b97c72346"}
,"C:\\Users\\mathe\\Documents\\Cafofo_dos_peludos\\backend\\rotas\\pedidosRoutes.js": {"path":"C:\\Users\\mathe\\Documents\\Cafofo_dos_peludos\\backend\\rotas\\pedidosRoutes.js","statementMap":{"0":{"start":{"line":1,"column":16},"end":{"line":1,"column":34}},"1":{"start":{"line":2,"column":15},"end":{"line":2,"column":31}},"2":{"start":{"line":4,"column":16},"end":{"line":4,"column":37}},"3":{"start":{"line":6,"column":0},"end":{"line":6,"column":54}},"4":{"start":{"line":11,"column":0},"end":{"line":15,"column":3}},"5":{"start":{"line":12,"column":2},"end":{"line":14,"column":5}},"6":{"start":{"line":18,"column":0},"end":{"line":42,"column":3}},"7":{"start":{"line":19,"column":14},"end":{"line":29,"column":3}},"8":{"start":{"line":31,"column":2},"end":{"line":41,"column":5}},"9":{"start":{"line":32,"column":4},"end":{"line":38,"column":5}},"10":{"start":{"line":33,"column":6},"end":{"line":33,"column":61}},"11":{"start":{"line":35,"column":6},"end":{"line":37,"column":9}},"12":{"start":{"line":40,"column":4},"end":{"line":40,"column":25}},"13":{"start":{"line":45,"column":0},"end":{"line":90,"column":3}},"14":{"start":{"line":52,"column":6},"end":{"line":52,"column":14}},"15":{"start":{"line":54,"column":2},"end":{"line":58,"column":3}},"16":{"start":{"line":55,"column":4},"end":{"line":57,"column":7}},"17":{"start":{"line":60,"column":23},"end":{"line":60,"column":45}},"18":{"start":{"line":62,"column":14},"end":{"line":66,"column":3}},"19":{"start":{"line":68,"column":18},"end":{"line":74,"column":3}},"20":{"start":{"line":76,"column":2},"end":{"line":89,"column":5}},"21":{"start":{"line":77,"column":4},"end":{"line":83,"column":5}},"22":{"start":{"line":78,"column":6},"end":{"line":78,"column":63}},"23":{"start":{"line":80,"column":6},"end":{"line":82,"column":9}},"24":{"start":{"line":85,"column":4},"end":{"line":88,"column":7}},"25":{"start":{"line":93,"column":0},"end":{"line":125,"column":3}},"26":{"start":{"line":94,"column":17},"end":{"line":94,"column":27}},"27":{"start":{"line":96,"column":14},"end":{"line":106,"column":3}},"28":{"start":{"line":108,"column":2},"end":{"line":124,"column":5}},"29":{"start":{"line":109,"column":4},"end":{"line":115,"column":5}},"30":{"start":{"line":110,"column":6},"end":{"line":110,"column":60}},"31":{"start":{"line":112,"column":6},"end":{"line":114,"column":9}},"32":{"start":{"line":117,"column":4},"end":{"line":121,"column":5}},"33":{"start":{"line":118,"column":6},"end":{"line":120,"column":9}},"34":{"start":{"line":123,"column":4},"end":{"line":123,"column":28}},"35":{"start":{"line":128,"column":0},"end":{"line":184,"column":3}},"36":{"start":{"line":129,"column":17},"end":{"line":129,"column":27}},"37":{"start":{"line":137,"column":6},"end":{"line":137,"column":14}},"38":{"start":{"line":139,"column":2},"end":{"line":143,"column":3}},"39":{"start":{"line":140,"column":4},"end":{"line":142,"column":7}},"40":{"start":{"line":145,"column":14},"end":{"line":154,"column":3}},"41":{"start":{"line":156,"column":18},"end":{"line":163,"column":3}},"42":{"start":{"line":165,"column":2},"end":{"line":183,"column":5}},"43":{"start":{"line":166,"column":4},"end":{"line":172,"column":5}},"44":{"start":{"line":167,"column":6},"end":{"line":167,"column":60}},"45":{"start":{"line":169,"column":6},"end":{"line":171,"column":9}},"46":{"start":{"line":174,"column":4},"end":{"line":178,"column":5}},"47":{"start":{"line":175,"column":6},"end":{"line":177,"column":9}},"48":{"start":{"line":180,"column":4},"end":{"line":182,"column":7}},"49":{"start":{"line":187,"column":0},"end":{"line":214,"column":3}},"50":{"start":{"line":188,"column":17},"end":{"line":188,"column":27}},"51":{"start":{"line":190,"column":14},"end":{"line":193,"column":3}},"52":{"start":{"line":195,"column":2},"end":{"line":213,"column":5}},"53":{"start":{"line":196,"column":4},"end":{"line":202,"column":5}},"54":{"start":{"line":197,"column":6},"end":{"line":197,"column":61}},"55":{"start":{"line":199,"column":6},"end":{"line":201,"column":9}},"56":{"start":{"line":204,"column":4},"end":{"line":208,"column":5}},"57":{"start":{"line":205,"column":6},"end":{"line":207,"column":9}},"58":{"start":{"line":210,"column":4},"end":{"line":212,"column":7}},"59":{"start":{"line":216,"column":0},"end":{"line":216,"column":24}}},"fnMap":{"0":{"name":"(anonymous_0)","decl":{"start":{"line":11,"column":21},"end":{"line":11,"column":22}},"loc":{"start":{"line":11,"column":35},"end":{"line":15,"column":1}},"line":11},"1":{"name":"(anonymous_1)","decl":{"start":{"line":18,"column":16},"end":{"line":18,"column":17}},"loc":{"start":{"line":18,"column":30},"end":{"line":42,"column":1}},"line":18},"2":{"name":"(anonymous_2)","decl":{"start":{"line":31,"column":21},"end":{"line":31,"column":22}},"loc":{"start":{"line":31,"column":43},"end":{"line":41,"column":3}},"line":31},"3":{"name":"(anonymous_3)","decl":{"start":{"line":45,"column":17},"end":{"line":45,"column":18}},"loc":{"start":{"line":45,"column":31},"end":{"line":90,"column":1}},"line":45},"4":{"name":"(anonymous_4)","decl":{"start":{"line":76,"column":30},"end":{"line":76,"column":31}},"loc":{"start":{"line":76,"column":51},"end":{"line":89,"column":3}},"line":76},"5":{"name":"(anonymous_5)","decl":{"start":{"line":93,"column":19},"end":{"line":93,"column":20}},"loc":{"start":{"line":93,"column":33},"end":{"line":125,"column":1}},"line":93},"6":{"name":"(anonymous_6)","decl":{"start":{"line":108,"column":27},"end":{"line":108,"column":28}},"loc":{"start":{"line":108,"column":49},"end":{"line":124,"column":3}},"line":108},"7":{"name":"(anonymous_7)","decl":{"start":{"line":128,"column":19},"end":{"line":128,"column":20}},"loc":{"start":{"line":128,"column":33},"end":{"line":184,"column":1}},"line":128},"8":{"name":"(anonymous_8)","decl":{"start":{"line":165,"column":30},"end":{"line":165,"column":31}},"loc":{"start":{"line":165,"column":51},"end":{"line":183,"column":3}},"line":165},"9":{"name":"(anonymous_9)","decl":{"start":{"line":187,"column":22},"end":{"line":187,"column":23}},"loc":{"start":{"line":187,"column":36},"end":{"line":214,"column":1}},"line":187},"10":{"name":"(anonymous_10)","decl":{"start":{"line":195,"column":27},"end":{"line":195,"column":28}},"loc":{"start":{"line":195,"column":48},"end":{"line":213,"column":3}},"line":195}},"branchMap":{"0":{"loc":{"start":{"line":32,"column":4},"end":{"line":38,"column":5}},"type":"if","locations":[{"start":{"line":32,"column":4},"end":{"line":38,"column":5}},{"start":{},"end":{}}],"line":32},"1":{"loc":{"start":{"line":54,"column":2},"end":{"line":58,"column":3}},"type":"if","locations":[{"start":{"line":54,"column":2},"end":{"line":58,"column":3}},{"start":{},"end":{}}],"line":54},"2":{"loc":{"start":{"line":54,"column":6},"end":{"line":54,"column":56}},"type":"binary-expr","locations":[{"start":{"line":54,"column":6},"end":{"line":54,"column":21}},{"start":{"line":54,"column":25},"end":{"line":54,"column":35}},{"start":{"line":54,"column":39},"end":{"line":54,"column":56}}],"line":54},"3":{"loc":{"start":{"line":60,"column":23},"end":{"line":60,"column":45}},"type":"binary-expr","locations":[{"start":{"line":60,"column":23},"end":{"line":60,"column":29}},{"start":{"line":60,"column":33},"end":{"line":60,"column":45}}],"line":60},"4":{"loc":{"start":{"line":77,"column":4},"end":{"line":83,"column":5}},"type":"if","locations":[{"start":{"line":77,"column":4},"end":{"line":83,"column":5}},{"start":{},"end":{}}],"line":77},"5":{"loc":{"start":{"line":109,"column":4},"end":{"line":115,"column":5}},"type":"if","locations":[{"start":{"line":109,"column":4},"end":{"line":115,"column":5}},{"start":{},"end":{}}],"line":109},"6":{"loc":{"start":{"line":117,"column":4},"end":{"line":121,"column":5}},"type":"if","locations":[{"start":{"line":117,"column":4},"end":{"line":121,"column":5}},{"start":{},"end":{}}],"line":117},"7":{"loc":{"start":{"line":139,"column":2},"end":{"line":143,"column":3}},"type":"if","locations":[{"start":{"line":139,"column":2},"end":{"line":143,"column":3}},{"start":{},"end":{}}],"line":139},"8":{"loc":{"start":{"line":139,"column":6},"end":{"line":139,"column":67}},"type":"binary-expr","locations":[{"start":{"line":139,"column":6},"end":{"line":139,"column":21}},{"start":{"line":139,"column":25},"end":{"line":139,"column":35}},{"start":{"line":139,"column":39},"end":{"line":139,"column":56}},{"start":{"line":139,"column":60},"end":{"line":139,"column":67}}],"line":139},"9":{"loc":{"start":{"line":166,"column":4},"end":{"line":172,"column":5}},"type":"if","locations":[{"start":{"line":166,"column":4},"end":{"line":172,"column":5}},{"start":{},"end":{}}],"line":166},"10":{"loc":{"start":{"line":174,"column":4},"end":{"line":178,"column":5}},"type":"if","locations":[{"start":{"line":174,"column":4},"end":{"line":178,"column":5}},{"start":{},"end":{}}],"line":174},"11":{"loc":{"start":{"line":196,"column":4},"end":{"line":202,"column":5}},"type":"if","locations":[{"start":{"line":196,"column":4},"end":{"line":202,"column":5}},{"start":{},"end":{}}],"line":196},"12":{"loc":{"start":{"line":204,"column":4},"end":{"line":208,"column":5}},"type":"if","locations":[{"start":{"line":204,"column":4},"end":{"line":208,"column":5}},{"start":{},"end":{}}],"line":204}},"s":{"0":3,"1":3,"2":3,"3":3,"4":3,"5":0,"6":3,"7":1,"8":1,"9":1,"10":0,"11":0,"12":1,"13":3,"14":1,"15":1,"16":1,"17":0,"18":0,"19":0,"20":0,"21":0,"22":0,"23":0,"24":0,"25":3,"26":0,"27":0,"28":0,"29":0,"30":0,"31":0,"32":0,"33":0,"34":0,"35":3,"36":0,"37":0,"38":0,"39":0,"40":0,"41":0,"42":0,"43":0,"44":0,"45":0,"46":0,"47":0,"48":0,"49":3,"50":0,"51":0,"52":0,"53":0,"54":0,"55":0,"56":0,"57":0,"58":0,"59":3},"f":{"0":0,"1":1,"2":1,"3":1,"4":0,"5":0,"6":0,"7":0,"8":0,"9":0,"10":0},"b":{"0":[0,1],"1":[1,0],"2":[1,1,1],"3":[0,0],"4":[0,0],"5":[0,0],"6":[0,0],"7":[0,0],"8":[0,0,0,0],"9":[0,0],"10":[0,0],"11":[0,0],"12":[0,0]},"_coverageSchema":"1a1c01bbd47fc00a2c39e90264f33305004495a9","hash":"ae424579dd351529fa6e2d3ceab9050a5b00e7d0"}
,"C:\\Users\\mathe\\Documents\\Cafofo_dos_peludos\\backend\\rotas\\peludosRoutes.js": {"path":"C:\\Users\\mathe\\Documents\\Cafofo_dos_peludos\\backend\\rotas\\peludosRoutes.js","statementMap":{"0":{"start":{"line":1,"column":16},"end":{"line":1,"column":34}},"1":{"start":{"line":2,"column":15},"end":{"line":2,"column":31}},"2":{"start":{"line":4,"column":16},"end":{"line":4,"column":37}},"3":{"start":{"line":7,"column":0},"end":{"line":18,"column":3}},"4":{"start":{"line":8,"column":14},"end":{"line":8,"column":54}},"5":{"start":{"line":10,"column":2},"end":{"line":17,"column":5}},"6":{"start":{"line":11,"column":4},"end":{"line":14,"column":5}},"7":{"start":{"line":12,"column":6},"end":{"line":12,"column":61}},"8":{"start":{"line":13,"column":6},"end":{"line":13,"column":75}},"9":{"start":{"line":16,"column":4},"end":{"line":16,"column":25}},"10":{"start":{"line":21,"column":0},"end":{"line":48,"column":3}},"11":{"start":{"line":22,"column":51},"end":{"line":22,"column":59}},"12":{"start":{"line":24,"column":2},"end":{"line":28,"column":3}},"13":{"start":{"line":25,"column":4},"end":{"line":27,"column":7}},"14":{"start":{"line":30,"column":14},"end":{"line":33,"column":3}},"15":{"start":{"line":35,"column":18},"end":{"line":35,"column":56}},"16":{"start":{"line":37,"column":2},"end":{"line":47,"column":5}},"17":{"start":{"line":38,"column":4},"end":{"line":41,"column":5}},"18":{"start":{"line":39,"column":6},"end":{"line":39,"column":63}},"19":{"start":{"line":40,"column":6},"end":{"line":40,"column":77}},"20":{"start":{"line":43,"column":4},"end":{"line":46,"column":7}},"21":{"start":{"line":51,"column":0},"end":{"line":68,"column":3}},"22":{"start":{"line":52,"column":17},"end":{"line":52,"column":27}},"23":{"start":{"line":54,"column":14},"end":{"line":54,"column":50}},"24":{"start":{"line":56,"column":2},"end":{"line":67,"column":5}},"25":{"start":{"line":57,"column":4},"end":{"line":60,"column":5}},"26":{"start":{"line":58,"column":6},"end":{"line":58,"column":60}},"27":{"start":{"line":59,"column":6},"end":{"line":59,"column":74}},"28":{"start":{"line":62,"column":4},"end":{"line":64,"column":5}},"29":{"start":{"line":63,"column":6},"end":{"line":63,"column":74}},"30":{"start":{"line":66,"column":4},"end":{"line":66,"column":28}},"31":{"start":{"line":71,"column":0},"end":{"line":101,"column":3}},"32":{"start":{"line":72,"column":17},"end":{"line":72,"column":27}},"33":{"start":{"line":73,"column":51},"end":{"line":73,"column":59}},"34":{"start":{"line":75,"column":2},"end":{"line":79,"column":3}},"35":{"start":{"line":76,"column":4},"end":{"line":78,"column":7}},"36":{"start":{"line":81,"column":14},"end":{"line":85,"column":3}},"37":{"start":{"line":87,"column":18},"end":{"line":87,"column":60}},"38":{"start":{"line":89,"column":2},"end":{"line":100,"column":5}},"39":{"start":{"line":90,"column":4},"end":{"line":93,"column":5}},"40":{"start":{"line":91,"column":6},"end":{"line":91,"column":60}},"41":{"start":{"line":92,"column":6},"end":{"line":92,"column":74}},"42":{"start":{"line":95,"column":4},"end":{"line":97,"column":5}},"43":{"start":{"line":96,"column":6},"end":{"line":96,"column":74}},"44":{"start":{"line":99,"column":4},"end":{"line":99,"column":61}},"45":{"start":{"line":104,"column":0},"end":{"line":123,"column":3}},"46":{"start":{"line":105,"column":17},"end":{"line":105,"column":27}},"47":{"start":{"line":107,"column":14},"end":{"line":107,"column":48}},"48":{"start":{"line":109,"column":2},"end":{"line":122,"column":5}},"49":{"start":{"line":110,"column":4},"end":{"line":115,"column":5}},"50":{"start":{"line":111,"column":6},"end":{"line":111,"column":61}},"51":{"start":{"line":112,"column":6},"end":{"line":114,"column":9}},"52":{"start":{"line":117,"column":4},"end":{"line":119,"column":5}},"53":{"start":{"line":118,"column":6},"end":{"line":118,"column":74}},"54":{"start":{"line":121,"column":4},"end":{"line":121,"column":59}},"55":{"start":{"line":125,"column":0},"end":{"line":125,"column":24}}},"fnMap":{"0":{"name":"(anonymous_0)","decl":{"start":{"line":7,"column":16},"end":{"line":7,"column":17}},"loc":{"start":{"line":7,"column":30},"end":{"line":18,"column":1}},"line":7},"1":{"name":"(anonymous_1)","decl":{"start":{"line":10,"column":21},"end":{"line":10,"column":22}},"loc":{"start":{"line":10,"column":43},"end":{"line":17,"column":3}},"line":10},"2":{"name":"(anonymous_2)","decl":{"start":{"line":21,"column":17},"end":{"line":21,"column":18}},"loc":{"start":{"line":21,"column":31},"end":{"line":48,"column":1}},"line":21},"3":{"name":"(anonymous_3)","decl":{"start":{"line":37,"column":30},"end":{"line":37,"column":31}},"loc":{"start":{"line":37,"column":51},"end":{"line":47,"column":3}},"line":37},"4":{"name":"(anonymous_4)","decl":{"start":{"line":51,"column":19},"end":{"line":51,"column":20}},"loc":{"start":{"line":51,"column":33},"end":{"line":68,"column":1}},"line":51},"5":{"name":"(anonymous_5)","decl":{"start":{"line":56,"column":27},"end":{"line":56,"column":28}},"loc":{"start":{"line":56,"column":49},"end":{"line":67,"column":3}},"line":56},"6":{"name":"(anonymous_6)","decl":{"start":{"line":71,"column":19},"end":{"line":71,"column":20}},"loc":{"start":{"line":71,"column":33},"end":{"line":101,"column":1}},"line":71},"7":{"name":"(anonymous_7)","decl":{"start":{"line":89,"column":30},"end":{"line":89,"column":31}},"loc":{"start":{"line":89,"column":51},"end":{"line":100,"column":3}},"line":89},"8":{"name":"(anonymous_8)","decl":{"start":{"line":104,"column":22},"end":{"line":104,"column":23}},"loc":{"start":{"line":104,"column":36},"end":{"line":123,"column":1}},"line":104},"9":{"name":"(anonymous_9)","decl":{"start":{"line":109,"column":27},"end":{"line":109,"column":28}},"loc":{"start":{"line":109,"column":48},"end":{"line":122,"column":3}},"line":109}},"branchMap":{"0":{"loc":{"start":{"line":11,"column":4},"end":{"line":14,"column":5}},"type":"if","locations":[{"start":{"line":11,"column":4},"end":{"line":14,"column":5}},{"start":{},"end":{}}],"line":11},"1":{"loc":{"start":{"line":24,"column":2},"end":{"line":28,"column":3}},"type":"if","locations":[{"start":{"line":24,"column":2},"end":{"line":28,"column":3}},{"start":{},"end":{}}],"line":24},"2":{"loc":{"start":{"line":24,"column":6},"end":{"line":24,"column":41}},"type":"binary-expr","locations":[{"start":{"line":24,"column":6},"end":{"line":24,"column":11}},{"start":{"line":24,"column":15},"end":{"line":24,"column":20}},{"start":{"line":24,"column":24},"end":{"line":24,"column":30}},{"start":{"line":24,"column":34},"end":{"line":24,"column":41}}],"line":24},"3":{"loc":{"start":{"line":38,"column":4},"end":{"line":41,"column":5}},"type":"if","locations":[{"start":{"line":38,"column":4},"end":{"line":41,"column":5}},{"start":{},"end":{}}],"line":38},"4":{"loc":{"start":{"line":57,"column":4},"end":{"line":60,"column":5}},"type":"if","locations":[{"start":{"line":57,"column":4},"end":{"line":60,"column":5}},{"start":{},"end":{}}],"line":57},"5":{"loc":{"start":{"line":62,"column":4},"end":{"line":64,"column":5}},"type":"if","locations":[{"start":{"line":62,"column":4},"end":{"line":64,"column":5}},{"start":{},"end":{}}],"line":62},"6":{"loc":{"start":{"line":75,"column":2},"end":{"line":79,"column":3}},"type":"if","locations":[{"start":{"line":75,"column":2},"end":{"line":79,"column":3}},{"start":{},"end":{}}],"line":75},"7":{"loc":{"start":{"line":75,"column":6},"end":{"line":75,"column":41}},"type":"binary-expr","locations":[{"start":{"line":75,"column":6},"end":{"line":75,"column":11}},{"start":{"line":75,"column":15},"end":{"line":75,"column":20}},{"start":{"line":75,"column":24},"end":{"line":75,"column":30}},{"start":{"line":75,"column":34},"end":{"line":75,"column":41}}],"line":75},"8":{"loc":{"start":{"line":90,"column":4},"end":{"line":93,"column":5}},"type":"if","locations":[{"start":{"line":90,"column":4},"end":{"line":93,"column":5}},{"start":{},"end":{}}],"line":90},"9":{"loc":{"start":{"line":95,"column":4},"end":{"line":97,"column":5}},"type":"if","locations":[{"start":{"line":95,"column":4},"end":{"line":97,"column":5}},{"start":{},"end":{}}],"line":95},"10":{"loc":{"start":{"line":110,"column":4},"end":{"line":115,"column":5}},"type":"if","locations":[{"start":{"line":110,"column":4},"end":{"line":115,"column":5}},{"start":{},"end":{}}],"line":110},"11":{"loc":{"start":{"line":117,"column":4},"end":{"line":119,"column":5}},"type":"if","locations":[{"start":{"line":117,"column":4},"end":{"line":119,"column":5}},{"start":{},"end":{}}],"line":117}},"s":{"0":3,"1":3,"2":3,"3":3,"4":0,"5":0,"6":0,"7":0,"8":0,"9":0,"10":3,"11":2,"12":2,"13":0,"14":2,"15":2,"16":2,"17":2,"18":1,"19":1,"20":1,"21":3,"22":0,"23":0,"24":0,"25":0,"26":0,"27":0,"28":0,"29":0,"30":0,"31":3,"32":0,"33":0,"34":0,"35":0,"36":0,"37":0,"38":0,"39":0,"40":0,"41":0,"42":0,"43":0,"44":0,"45":3,"46":0,"47":0,"48":0,"49":0,"50":0,"51":0,"52":0,"53":0,"54":0,"55":3},"f":{"0":0,"1":0,"2":2,"3":2,"4":0,"5":0,"6":0,"7":0,"8":0,"9":0},"b":{"0":[0,0],"1":[0,2],"2":[2,2,2,2],"3":[1,1],"4":[0,0],"5":[0,0],"6":[0,0],"7":[0,0,0,0],"8":[0,0],"9":[0,0],"10":[0,0],"11":[0,0]},"_coverageSchema":"1a1c01bbd47fc00a2c39e90264f33305004495a9","hash":"4e6e8d1ae59371816058e32f0dca7a288fa3c416"}
,"C:\\Users\\mathe\\Documents\\Cafofo_dos_peludos\\backend\\rotas\\relatorioRoutes.js": {"path":"C:\\Users\\mathe\\Documents\\Cafofo_dos_peludos\\backend\\rotas\\relatorioRoutes.js","statementMap":{"0":{"start":{"line":1,"column":16},"end":{"line":1,"column":34}},"1":{"start":{"line":2,"column":15},"end":{"line":2,"column":31}},"2":{"start":{"line":4,"column":16},"end":{"line":4,"column":37}},"3":{"start":{"line":6,"column":0},"end":{"line":6,"column":56}},"4":{"start":{"line":12,"column":0},"end":{"line":56,"column":3}},"5":{"start":{"line":13,"column":14},"end":{"line":43,"column":3}},"6":{"start":{"line":45,"column":2},"end":{"line":55,"column":5}},"7":{"start":{"line":46,"column":4},"end":{"line":52,"column":5}},"8":{"start":{"line":47,"column":6},"end":{"line":47,"column":62}},"9":{"start":{"line":49,"column":6},"end":{"line":51,"column":9}},"10":{"start":{"line":54,"column":4},"end":{"line":54,"column":25}},"11":{"start":{"line":62,"column":0},"end":{"line":86,"column":3}},"12":{"start":{"line":63,"column":14},"end":{"line":73,"column":3}},"13":{"start":{"line":75,"column":2},"end":{"line":85,"column":5}},"14":{"start":{"line":76,"column":4},"end":{"line":82,"column":5}},"15":{"start":{"line":77,"column":6},"end":{"line":77,"column":65}},"16":{"start":{"line":79,"column":6},"end":{"line":81,"column":9}},"17":{"start":{"line":84,"column":4},"end":{"line":84,"column":28}},"18":{"start":{"line":92,"column":0},"end":{"line":144,"column":3}},"19":{"start":{"line":93,"column":17},"end":{"line":93,"column":27}},"20":{"start":{"line":95,"column":14},"end":{"line":125,"column":3}},"21":{"start":{"line":127,"column":2},"end":{"line":143,"column":5}},"22":{"start":{"line":128,"column":4},"end":{"line":134,"column":5}},"23":{"start":{"line":129,"column":6},"end":{"line":129,"column":70}},"24":{"start":{"line":131,"column":6},"end":{"line":133,"column":9}},"25":{"start":{"line":136,"column":4},"end":{"line":140,"column":5}},"26":{"start":{"line":137,"column":6},"end":{"line":139,"column":9}},"27":{"start":{"line":142,"column":4},"end":{"line":142,"column":28}},"28":{"start":{"line":146,"column":0},"end":{"line":146,"column":24}}},"fnMap":{"0":{"name":"(anonymous_0)","decl":{"start":{"line":12,"column":16},"end":{"line":12,"column":17}},"loc":{"start":{"line":12,"column":30},"end":{"line":56,"column":1}},"line":12},"1":{"name":"(anonymous_1)","decl":{"start":{"line":45,"column":21},"end":{"line":45,"column":22}},"loc":{"start":{"line":45,"column":43},"end":{"line":55,"column":3}},"line":45},"2":{"name":"(anonymous_2)","decl":{"start":{"line":62,"column":34},"end":{"line":62,"column":35}},"loc":{"start":{"line":62,"column":48},"end":{"line":86,"column":1}},"line":62},"3":{"name":"(anonymous_3)","decl":{"start":{"line":75,"column":21},"end":{"line":75,"column":22}},"loc":{"start":{"line":75,"column":43},"end":{"line":85,"column":3}},"line":75},"4":{"name":"(anonymous_4)","decl":{"start":{"line":92,"column":19},"end":{"line":92,"column":20}},"loc":{"start":{"line":92,"column":33},"end":{"line":144,"column":1}},"line":92},"5":{"name":"(anonymous_5)","decl":{"start":{"line":127,"column":27},"end":{"line":127,"column":28}},"loc":{"start":{"line":127,"column":49},"end":{"line":143,"column":3}},"line":127}},"branchMap":{"0":{"loc":{"start":{"line":46,"column":4},"end":{"line":52,"column":5}},"type":"if","locations":[{"start":{"line":46,"column":4},"end":{"line":52,"column":5}},{"start":{},"end":{}}],"line":46},"1":{"loc":{"start":{"line":76,"column":4},"end":{"line":82,"column":5}},"type":"if","locations":[{"start":{"line":76,"column":4},"end":{"line":82,"column":5}},{"start":{},"end":{}}],"line":76},"2":{"loc":{"start":{"line":128,"column":4},"end":{"line":134,"column":5}},"type":"if","locations":[{"start":{"line":128,"column":4},"end":{"line":134,"column":5}},{"start":{},"end":{}}],"line":128},"3":{"loc":{"start":{"line":136,"column":4},"end":{"line":140,"column":5}},"type":"if","locations":[{"start":{"line":136,"column":4},"end":{"line":140,"column":5}},{"start":{},"end":{}}],"line":136}},"s":{"0":3,"1":3,"2":3,"3":3,"4":3,"5":1,"6":1,"7":1,"8":0,"9":0,"10":1,"11":3,"12":0,"13":0,"14":0,"15":0,"16":0,"17":0,"18":3,"19":0,"20":0,"21":0,"22":0,"23":0,"24":0,"25":0,"26":0,"27":0,"28":3},"f":{"0":1,"1":1,"2":0,"3":0,"4":0,"5":0},"b":{"0":[0,1],"1":[0,0],"2":[0,0],"3":[0,0]},"_coverageSchema":"1a1c01bbd47fc00a2c39e90264f33305004495a9","hash":"241bba62ee6ea0e1f0e8df82892a48f374f27a36"}
}
