TN:
SF:conexao.js
FN:15,(anonymous_0)
FNF:1
FNH:1
FNDA:3,(anonymous_0)
DA:1,3
DA:2,3
DA:6,3
DA:15,3
DA:16,3
DA:17,0
DA:18,0
DA:21,3
DA:24,3
DA:27,3
LF:10
LH:8
BRDA:16,0,0,0
BRDA:16,0,1,3
BRF:2
BRH:1
end_of_record
TN:
SF:server.js
FN:22,(anonymous_0)
FN:27,(anonymous_1)
FN:28,(anonymous_2)
FN:55,(anonymous_3)
FNF:4
FNH:0
FNDA:0,(anonymous_0)
FNDA:0,(anonymous_1)
FNDA:0,(anonymous_2)
FNDA:0,(anonymous_3)
DA:1,3
DA:2,3
DA:3,3
DA:5,3
DA:7,3
DA:8,3
DA:9,3
DA:10,3
DA:12,3
DA:13,3
DA:16,3
DA:19,3
DA:22,3
DA:23,0
DA:27,3
DA:28,0
DA:29,0
DA:30,0
DA:32,0
DA:37,0
DA:45,3
DA:46,3
DA:47,3
DA:50,3
DA:54,3
DA:55,0
DA:56,0
DA:60,3
LF:28
LH:20
BRDA:13,0,0,3
BRDA:13,0,1,0
BRDA:29,1,0,0
BRDA:29,1,1,0
BRDA:54,2,0,0
BRDA:54,2,1,3
BRF:6
BRH:2
end_of_record
TN:
SF:rotas\interessadosRoutes.js
FN:7,(anonymous_0)
FN:10,(anonymous_1)
FN:21,(anonymous_2)
FN:38,(anonymous_3)
FN:52,(anonymous_4)
FN:57,(anonymous_5)
FN:72,(anonymous_6)
FN:90,(anonymous_7)
FN:105,(anonymous_8)
FN:110,(anonymous_9)
FNF:10
FNH:2
FNDA:0,(anonymous_0)
FNDA:0,(anonymous_1)
FNDA:2,(anonymous_2)
FNDA:1,(anonymous_3)
FNDA:0,(anonymous_4)
FNDA:0,(anonymous_5)
FNDA:0,(anonymous_6)
FNDA:0,(anonymous_7)
FNDA:0,(anonymous_8)
FNDA:0,(anonymous_9)
DA:1,3
DA:2,3
DA:4,3
DA:7,3
DA:8,0
DA:10,0
DA:11,0
DA:12,0
DA:13,0
DA:16,0
DA:21,3
DA:22,2
DA:24,2
DA:25,1
DA:30,1
DA:36,1
DA:38,1
DA:39,1
DA:40,0
DA:41,0
DA:44,1
DA:52,3
DA:53,0
DA:55,0
DA:57,0
DA:58,0
DA:59,0
DA:60,0
DA:63,0
DA:64,0
DA:67,0
DA:72,3
DA:73,0
DA:74,0
DA:76,0
DA:77,0
DA:82,0
DA:88,0
DA:90,0
DA:91,0
DA:92,0
DA:93,0
DA:96,0
DA:97,0
DA:100,0
DA:105,3
DA:106,0
DA:108,0
DA:110,0
DA:111,0
DA:112,0
DA:113,0
DA:118,0
DA:119,0
DA:122,0
DA:126,3
LF:56
LH:17
BRDA:11,0,0,0
BRDA:11,0,1,0
BRDA:24,1,0,1
BRDA:24,1,1,1
BRDA:24,2,0,2
BRDA:24,2,1,2
BRDA:24,2,2,1
BRDA:24,2,3,1
BRDA:39,3,0,0
BRDA:39,3,1,1
BRDA:58,4,0,0
BRDA:58,4,1,0
BRDA:63,5,0,0
BRDA:63,5,1,0
BRDA:76,6,0,0
BRDA:76,6,1,0
BRDA:76,7,0,0
BRDA:76,7,1,0
BRDA:76,7,2,0
BRDA:76,7,3,0
BRDA:91,8,0,0
BRDA:91,8,1,0
BRDA:96,9,0,0
BRDA:96,9,1,0
BRDA:111,10,0,0
BRDA:111,10,1,0
BRDA:118,11,0,0
BRDA:118,11,1,0
BRF:28
BRH:7
end_of_record
TN:
SF:rotas\pedidosRoutes.js
FN:11,(anonymous_0)
FN:18,(anonymous_1)
FN:31,(anonymous_2)
FN:45,(anonymous_3)
FN:76,(anonymous_4)
FN:93,(anonymous_5)
FN:108,(anonymous_6)
FN:128,(anonymous_7)
FN:165,(anonymous_8)
FN:187,(anonymous_9)
FN:195,(anonymous_10)
FNF:11
FNH:3
FNDA:0,(anonymous_0)
FNDA:1,(anonymous_1)
FNDA:1,(anonymous_2)
FNDA:1,(anonymous_3)
FNDA:0,(anonymous_4)
FNDA:0,(anonymous_5)
FNDA:0,(anonymous_6)
FNDA:0,(anonymous_7)
FNDA:0,(anonymous_8)
FNDA:0,(anonymous_9)
FNDA:0,(anonymous_10)
DA:1,3
DA:2,3
DA:4,3
DA:6,3
DA:11,3
DA:12,0
DA:18,3
DA:19,1
DA:31,1
DA:32,1
DA:33,0
DA:35,0
DA:40,1
DA:45,3
DA:52,1
DA:54,1
DA:55,1
DA:60,0
DA:62,0
DA:68,0
DA:76,0
DA:77,0
DA:78,0
DA:80,0
DA:85,0
DA:93,3
DA:94,0
DA:96,0
DA:108,0
DA:109,0
DA:110,0
DA:112,0
DA:117,0
DA:118,0
DA:123,0
DA:128,3
DA:129,0
DA:137,0
DA:139,0
DA:140,0
DA:145,0
DA:156,0
DA:165,0
DA:166,0
DA:167,0
DA:169,0
DA:174,0
DA:175,0
DA:180,0
DA:187,3
DA:188,0
DA:190,0
DA:195,0
DA:196,0
DA:197,0
DA:199,0
DA:204,0
DA:205,0
DA:210,0
DA:216,3
LF:60
LH:18
BRDA:32,0,0,0
BRDA:32,0,1,1
BRDA:54,1,0,1
BRDA:54,1,1,0
BRDA:54,2,0,1
BRDA:54,2,1,1
BRDA:54,2,2,1
BRDA:60,3,0,0
BRDA:60,3,1,0
BRDA:77,4,0,0
BRDA:77,4,1,0
BRDA:109,5,0,0
BRDA:109,5,1,0
BRDA:117,6,0,0
BRDA:117,6,1,0
BRDA:139,7,0,0
BRDA:139,7,1,0
BRDA:139,8,0,0
BRDA:139,8,1,0
BRDA:139,8,2,0
BRDA:139,8,3,0
BRDA:166,9,0,0
BRDA:166,9,1,0
BRDA:174,10,0,0
BRDA:174,10,1,0
BRDA:196,11,0,0
BRDA:196,11,1,0
BRDA:204,12,0,0
BRDA:204,12,1,0
BRF:29
BRH:5
end_of_record
TN:
SF:rotas\peludosRoutes.js
FN:7,(anonymous_0)
FN:10,(anonymous_1)
FN:21,(anonymous_2)
FN:37,(anonymous_3)
FN:51,(anonymous_4)
FN:56,(anonymous_5)
FN:71,(anonymous_6)
FN:89,(anonymous_7)
FN:104,(anonymous_8)
FN:109,(anonymous_9)
FNF:10
FNH:2
FNDA:0,(anonymous_0)
FNDA:0,(anonymous_1)
FNDA:2,(anonymous_2)
FNDA:2,(anonymous_3)
FNDA:0,(anonymous_4)
FNDA:0,(anonymous_5)
FNDA:0,(anonymous_6)
FNDA:0,(anonymous_7)
FNDA:0,(anonymous_8)
FNDA:0,(anonymous_9)
DA:1,3
DA:2,3
DA:4,3
DA:7,3
DA:8,0
DA:10,0
DA:11,0
DA:12,0
DA:13,0
DA:16,0
DA:21,3
DA:22,2
DA:24,2
DA:25,0
DA:30,2
DA:35,2
DA:37,2
DA:38,2
DA:39,1
DA:40,1
DA:43,1
DA:51,3
DA:52,0
DA:54,0
DA:56,0
DA:57,0
DA:58,0
DA:59,0
DA:62,0
DA:63,0
DA:66,0
DA:71,3
DA:72,0
DA:73,0
DA:75,0
DA:76,0
DA:81,0
DA:87,0
DA:89,0
DA:90,0
DA:91,0
DA:92,0
DA:95,0
DA:96,0
DA:99,0
DA:104,3
DA:105,0
DA:107,0
DA:109,0
DA:110,0
DA:111,0
DA:112,0
DA:117,0
DA:118,0
DA:121,0
DA:125,3
LF:56
LH:18
BRDA:11,0,0,0
BRDA:11,0,1,0
BRDA:24,1,0,0
BRDA:24,1,1,2
BRDA:24,2,0,2
BRDA:24,2,1,2
BRDA:24,2,2,2
BRDA:24,2,3,2
BRDA:38,3,0,1
BRDA:38,3,1,1
BRDA:57,4,0,0
BRDA:57,4,1,0
BRDA:62,5,0,0
BRDA:62,5,1,0
BRDA:75,6,0,0
BRDA:75,6,1,0
BRDA:75,7,0,0
BRDA:75,7,1,0
BRDA:75,7,2,0
BRDA:75,7,3,0
BRDA:90,8,0,0
BRDA:90,8,1,0
BRDA:95,9,0,0
BRDA:95,9,1,0
BRDA:110,10,0,0
BRDA:110,10,1,0
BRDA:117,11,0,0
BRDA:117,11,1,0
BRF:28
BRH:7
end_of_record
TN:
SF:rotas\relatorioRoutes.js
FN:12,(anonymous_0)
FN:45,(anonymous_1)
FN:62,(anonymous_2)
FN:75,(anonymous_3)
FN:92,(anonymous_4)
FN:127,(anonymous_5)
FNF:6
FNH:2
FNDA:1,(anonymous_0)
FNDA:1,(anonymous_1)
FNDA:0,(anonymous_2)
FNDA:0,(anonymous_3)
FNDA:0,(anonymous_4)
FNDA:0,(anonymous_5)
DA:1,3
DA:2,3
DA:4,3
DA:6,3
DA:12,3
DA:13,1
DA:45,1
DA:46,1
DA:47,0
DA:49,0
DA:54,1
DA:62,3
DA:63,0
DA:75,0
DA:76,0
DA:77,0
DA:79,0
DA:84,0
DA:92,3
DA:93,0
DA:95,0
DA:127,0
DA:128,0
DA:129,0
DA:131,0
DA:136,0
DA:137,0
DA:142,0
DA:146,3
LF:29
LH:12
BRDA:46,0,0,0
BRDA:46,0,1,1
BRDA:76,1,0,0
BRDA:76,1,1,0
BRDA:128,2,0,0
BRDA:128,2,1,0
BRDA:136,3,0,0
BRDA:136,3,1,0
BRF:8
BRH:1
end_of_record
